<?xml version="1.0" encoding="UTF-8"?>
<!-- Generated by org.testng.reporters.JUnitReportReporter -->
<testsuite hostname="LAPTOP-GFNM6CPS" failures="0" tests="1" name="sample1.D4" time="0.016" errors="0" timestamp="2024-11-29T16:32:45 IST" skipped="0">
  <testcase classname="sample1.D4" name="abc" time="0.016"/>
  <system-out/>
</testsuite> <!-- sample1.D4 -->
