<?xml version="1.0" encoding="UTF-8"?>
<!-- Generated by org.testng.reporters.JUnitReportReporter -->
<testsuite hostname="LAPTOP-GFNM6CPS" failures="0" tests="1" name="sample1.dem5" time="0.027" errors="0" timestamp="2024-11-29T19:19:37 IST" skipped="0">
  <testcase classname="sample1.dem5" name="abc" time="0.027"/>
  <system-out/>
</testsuite> <!-- sample1.dem5 -->
